  [1m[36m (1.2ms)[0m  [1mCREATE TABLE "schema_migrations" ("version" varchar NOT NULL) [0m
  [1m[35m (0.1ms)[0m  select sqlite_version(*)
  [1m[36m (0.9ms)[0m  [1mCREATE UNIQUE INDEX "unique_schema_migrations" ON "schema_migrations" ("version")[0m
  [1m[35mActiveRecord::SchemaMigration Load (0.1ms)[0m  SELECT "schema_migrations".* FROM "schema_migrations"
Migrating to CreateUsers (20150707050721)
  [1m[36m (0.0ms)[0m  [1mbegin transaction[0m
  [1m[35m (0.4ms)[0m  CREATE TABLE "users" ("id" INTEGER PRIMARY KEY AUTOINCREMENT NOT NULL, "name" varchar, "email" varchar, "about" varchar, "created_at" datetime NOT NULL, "updated_at" datetime NOT NULL) 
  [1m[36mSQL (0.2ms)[0m  [1mINSERT INTO "schema_migrations" ("version") VALUES (?)[0m  [["version", "20150707050721"]]
  [1m[35m (0.8ms)[0m  commit transaction
Migrating to CreateCars (20150707050728)
  [1m[36m (0.0ms)[0m  [1mbegin transaction[0m
  [1m[35m (0.3ms)[0m  CREATE TABLE "cars" ("id" INTEGER PRIMARY KEY AUTOINCREMENT NOT NULL, "make" varchar, "model" varchar, "color" varchar, "seats" varchar, "user_id" integer, "created_at" datetime NOT NULL, "updated_at" datetime NOT NULL) 
  [1m[36mSQL (0.1ms)[0m  [1mINSERT INTO "schema_migrations" ("version") VALUES (?)[0m  [["version", "20150707050728"]]
  [1m[35m (0.5ms)[0m  commit transaction
Migrating to CreateTrips (20150707050806)
  [1m[36m (0.0ms)[0m  [1mbegin transaction[0m
  [1m[35m (0.3ms)[0m  CREATE TABLE "trips" ("id" INTEGER PRIMARY KEY AUTOINCREMENT NOT NULL, "name" varchar, "total_miles" float, "user_id" integer, "created_at" datetime NOT NULL, "updated_at" datetime NOT NULL) 
  [1m[36mSQL (0.1ms)[0m  [1mINSERT INTO "schema_migrations" ("version") VALUES (?)[0m  [["version", "20150707050806"]]
  [1m[35m (0.5ms)[0m  commit transaction
Migrating to CreateDestinations (20150707050820)
  [1m[36m (0.0ms)[0m  [1mbegin transaction[0m
  [1m[35m (0.3ms)[0m  CREATE TABLE "destinations" ("id" INTEGER PRIMARY KEY AUTOINCREMENT NOT NULL, "name" varchar, "trip_id" integer, "created_at" datetime NOT NULL, "updated_at" datetime NOT NULL) 
  [1m[36mSQL (0.1ms)[0m  [1mINSERT INTO "schema_migrations" ("version") VALUES (?)[0m  [["version", "20150707050820"]]
  [1m[35m (0.5ms)[0m  commit transaction
Migrating to CreateDestinationActivities (20150707051609)
  [1m[36m (0.1ms)[0m  [1mbegin transaction[0m
  [1m[35m (0.3ms)[0m  CREATE TABLE "activities" ("id" INTEGER PRIMARY KEY AUTOINCREMENT NOT NULL, "name" varchar, "duration" integer, "destination_id" integer, "created_at" datetime NOT NULL, "updated_at" datetime NOT NULL) 
  [1m[36mSQL (0.1ms)[0m  [1mINSERT INTO "schema_migrations" ("version") VALUES (?)[0m  [["version", "20150707051609"]]
  [1m[35m (0.5ms)[0m  commit transaction
  [1m[36mActiveRecord::SchemaMigration Load (0.1ms)[0m  [1mSELECT "schema_migrations".* FROM "schema_migrations"[0m


Started GET "/" for ::1 at 2015-07-07 00:25:29 -0600
  [1m[36mActiveRecord::SchemaMigration Load (0.1ms)[0m  [1mSELECT "schema_migrations".* FROM "schema_migrations"[0m
Processing by Rails::WelcomeController#index as HTML
  Rendered /Users/sorce/.rbenv/versions/2.2.2/lib/ruby/gems/2.2.0/gems/railties-4.2.1/lib/rails/templates/rails/welcome/index.html.erb (1.5ms)
Completed 200 OK in 16ms (Views: 8.2ms | ActiveRecord: 0.0ms)
  [1m[36m (0.1ms)[0m  [1mSELECT COUNT(*) FROM "users"[0m
  [1m[35mUser Load (0.1ms)[0m  SELECT  "users".* FROM "users"  ORDER BY "users"."id" ASC LIMIT 1
  [1m[36mUser Load (0.3ms)[0m  [1mSELECT  "users".* FROM "users"  ORDER BY "users"."id" ASC LIMIT 1[0m
  [1m[35m (0.2ms)[0m  begin transaction
  [1m[36mSQL (0.6ms)[0m  [1mINSERT INTO "users" ("name", "email", "about", "created_at", "updated_at") VALUES (?, ?, ?, ?, ?)[0m  [["name", "Jake Sorce"], ["email", "jake@devpointlabs.com"], ["about", "this is cool man!"], ["created_at", "2015-07-07 06:26:14.242400"], ["updated_at", "2015-07-07 06:26:14.242400"]]
  [1m[35m (2.7ms)[0m  commit transaction
  [1m[36mCar Load (0.2ms)[0m  [1mSELECT "cars".* FROM "cars" WHERE "cars"."user_id" = ?[0m  [["user_id", 1]]
  [1m[35mUser Load (0.1ms)[0m  SELECT  "users".* FROM "users"  ORDER BY "users"."id" ASC LIMIT 1
  [1m[36mCar Load (0.1ms)[0m  [1mSELECT "cars".* FROM "cars" WHERE "cars"."user_id" = ?[0m  [["user_id", 1]]
  [1m[35mTrip Load (0.2ms)[0m  SELECT "trips".* FROM "trips" WHERE "trips"."user_id" = ?  [["user_id", 1]]
  [1m[36m (0.1ms)[0m  [1mbegin transaction[0m
  [1m[35mSQL (0.5ms)[0m  INSERT INTO "trips" ("user_id", "name", "total_miles", "created_at", "updated_at") VALUES (?, ?, ?, ?, ?)  [["user_id", 1], ["name", "grand canyon"], ["total_miles", 3000.0], ["created_at", "2015-07-07 06:27:18.614112"], ["updated_at", "2015-07-07 06:27:18.614112"]]
  [1m[36m (2.5ms)[0m  [1mcommit transaction[0m
  [1m[35mDestination Load (0.2ms)[0m  SELECT "destinations".* FROM "destinations" WHERE "destinations"."trip_id" = ?  [["trip_id", 1]]
  [1m[36m (0.1ms)[0m  [1mbegin transaction[0m
  [1m[35mSQL (0.5ms)[0m  INSERT INTO "destinations" ("trip_id", "name", "created_at", "updated_at") VALUES (?, ?, ?, ?)  [["trip_id", 1], ["name", "arizona"], ["created_at", "2015-07-07 06:28:24.020575"], ["updated_at", "2015-07-07 06:28:24.020575"]]
  [1m[36m (2.5ms)[0m  [1mcommit transaction[0m
  [1m[35m (0.2ms)[0m  SELECT COUNT(*) FROM "activities" WHERE "activities"."destination_id" = ?  [["destination_id", 1]]
  [1m[36m (0.2ms)[0m  [1mSELECT COUNT(*) FROM "activities" WHERE "activities"."destination_id" = ?[0m  [["destination_id", 1]]
  [1m[35m (0.5ms)[0m  SELECT COUNT(*) FROM "activities" WHERE "activities"."destination_id" = ?  [["destination_id", 1]]
  [1m[36m (0.2ms)[0m  [1mSELECT COUNT(*) FROM "activities" WHERE "activities"."destination_id" = ?[0m  [["destination_id", 1]]
  [1m[35m (0.4ms)[0m  SELECT COUNT(*) FROM "activities" WHERE "activities"."destination_id" = ?  [["destination_id", 1]]
  [1m[36m (0.2ms)[0m  [1mSELECT COUNT(*) FROM "activities" WHERE "activities"."destination_id" = ?[0m  [["destination_id", 1]]
  [1m[35m (0.2ms)[0m  SELECT COUNT(*) FROM "activities" WHERE "activities"."destination_id" = ?  [["destination_id", 1]]
  [1m[36mUser Load (0.1ms)[0m  [1mSELECT  "users".* FROM "users"  ORDER BY "users"."id" ASC LIMIT 1[0m
  [1m[35mTrip Load (0.2ms)[0m  SELECT  "trips".* FROM "trips" WHERE "trips"."user_id" = ?  ORDER BY "trips"."id" ASC LIMIT 1  [["user_id", 1]]
  [1m[36mDestination Load (0.3ms)[0m  [1mSELECT  "destinations".* FROM "destinations" WHERE "destinations"."trip_id" = ?  ORDER BY "destinations"."id" ASC LIMIT 1[0m  [["trip_id", 1]]
  [1m[35m (0.1ms)[0m  SELECT COUNT(*) FROM "activities" WHERE "activities"."destination_id" = ?  [["destination_id", 1]]
  [1m[36mCar Load (0.3ms)[0m  [1mSELECT "cars".* FROM "cars" WHERE "cars"."user_id" = ?[0m  [["user_id", 1]]
  [1m[35m (0.2ms)[0m  begin transaction
  [1m[36mSQL (0.6ms)[0m  [1mINSERT INTO "cars" ("user_id", "make", "model", "color", "seats", "created_at", "updated_at") VALUES (?, ?, ?, ?, ?, ?, ?)[0m  [["user_id", 1], ["make", "Jeep"], ["model", "Cherokee"], ["color", "black"], ["seats", "5"], ["created_at", "2015-07-07 06:30:28.934521"], ["updated_at", "2015-07-07 06:30:28.934521"]]
  [1m[35m (0.6ms)[0m  commit transaction
  [1m[36mTrip Load (0.2ms)[0m  [1mSELECT "trips".* FROM "trips" WHERE "trips"."user_id" = ?[0m  [["user_id", 1]]
  [1m[35mDestination Load (0.2ms)[0m  SELECT "destinations".* FROM "destinations" WHERE "destinations"."trip_id" = ?  [["trip_id", 1]]
  [1m[36mActivity Load (0.2ms)[0m  [1mSELECT "activities".* FROM "activities" WHERE "activities"."destination_id" = ?[0m  [["destination_id", 1]]
  [1m[35m (0.1ms)[0m  begin transaction
  [1m[36mSQL (0.6ms)[0m  [1mINSERT INTO "activities" ("destination_id", "name", "duration", "created_at", "updated_at") VALUES (?, ?, ?, ?, ?)[0m  [["destination_id", 1], ["name", "hike havasupi"], ["duration", 3], ["created_at", "2015-07-07 06:31:30.327489"], ["updated_at", "2015-07-07 06:31:30.327489"]]
  [1m[35m (2.7ms)[0m  commit transaction
